
/home/runner/work/exp-stability-of-systems-iiith/exp-stability-of-systems-iiith/experiment/simulation/js/main.js
    1:10   warning  'openPart' is defined but never used            no-unused-vars
   15:5    warning  'k' is defined but never used                   no-unused-vars
   16:5    warning  'p' is defined but never used                   no-unused-vars
   17:5    warning  'sigChoice' is defined but never used           no-unused-vars
   18:5    warning  'scaleChoice' is defined but never used         no-unused-vars
   19:5    warning  'delayChoice' is defined but never used         no-unused-vars
   20:5    warning  'boxChoice' is defined but never used           no-unused-vars
   21:5    warning  'yValues' is defined but never used             no-unused-vars
   22:5    warning  'inValues' is defined but never used            no-unused-vars
   35:5    warning  'kp' is not defined                             no-undef
   37:5    warning  'ki' is not defined                             no-undef
   39:5    warning  'kd' is not defined                             no-undef
   41:5    warning  'N' is not defined                              no-undef
   43:22   warning  'kp' is not defined                             no-undef
   43:29   warning  'kp' is not defined                             no-undef
   43:38   warning  'kd' is not defined                             no-undef
   43:41   warning  'ki' is not defined                             no-undef
   49:28   warning  'kp' is not defined                             no-undef
   49:35   warning  'kd' is not defined                             no-undef
   50:28   warning  'kp' is not defined                             no-undef
   50:35   warning  'kd' is not defined                             no-undef
   51:46   warning  'kd' is not defined                             no-undef
   52:47   warning  'kd' is not defined                             no-undef
   56:28   warning  'kp' is not defined                             no-undef
   56:55   warning  'kd' is not defined                             no-undef
   57:28   warning  'kp' is not defined                             no-undef
   57:55   warning  'kd' is not defined                             no-undef
   62:9    warning  'inside' is already defined                     no-redeclare
   62:20   warning  'kp' is not defined                             no-undef
   62:25   warning  'kp' is not defined                             no-undef
   62:34   warning  'kd' is not defined                             no-undef
   62:37   warning  'ki' is not defined                             no-undef
   69:26   warning  'kp' is not defined                             no-undef
   69:33   warning  'kd' is not defined                             no-undef
   70:26   warning  'kp' is not defined                             no-undef
   70:33   warning  'kd' is not defined                             no-undef
   71:46   warning  'kd' is not defined                             no-undef
   72:47   warning  'kd' is not defined                             no-undef
   76:26   warning  'kp' is not defined                             no-undef
   76:53   warning  'kd' is not defined                             no-undef
   77:26   warning  'kp' is not defined                             no-undef
   77:53   warning  'kd' is not defined                             no-undef
   82:5    warning  'w' is not defined                              no-undef
   82:18   warning  'math' is not defined                           no-undef
   82:26   warning  'math' is not defined                           no-undef
   82:34   warning  'N' is not defined                              no-undef
   83:5    warning  'plty' is not defined                           no-undef
   85:20   warning  'N' is not defined                              no-undef
   87:9    warning  'plty' is not defined                           no-undef
   87:21   warning  'ki' is not defined                             no-undef
   87:25   warning  'kd' is not defined                             no-undef
   87:28   warning  'w' is not defined                              no-undef
   87:36   warning  'ki' is not defined                             no-undef
   87:40   warning  'kd' is not defined                             no-undef
   87:43   warning  'w' is not defined                              no-undef
   87:51   warning  'w' is not defined                              no-undef
   87:56   warning  'kp' is not defined                             no-undef
   87:61   warning  'w' is not defined                              no-undef
   87:66   warning  'kp' is not defined                             no-undef
   87:73   warning  'ki' is not defined                             no-undef
   87:77   warning  'kd' is not defined                             no-undef
   87:80   warning  'w' is not defined                              no-undef
   87:88   warning  'ki' is not defined                             no-undef
   87:92   warning  'kd' is not defined                             no-undef
   87:95   warning  'w' is not defined                              no-undef
   87:103  warning  'w' is not defined                              no-undef
   87:109  warning  'kp' is not defined                             no-undef
   87:117  warning  'w' is not defined                              no-undef
   87:123  warning  'kp' is not defined                             no-undef
  116:12   warning  'w' is not defined                              no-undef
  117:12   warning  'plty' is not defined                           no-undef
  153:5    warning  'Plotly' is not defined                         no-undef
  164:13   warning  'update' is already defined                     no-redeclare
  170:5    warning  'Plotly' is not defined                         no-undef
  171:5    warning  'Plotly' is not defined                         no-undef
  175:13   warning  'update' is already defined                     no-redeclare
  182:13   warning  'update' is already defined                     no-redeclare
  188:5    warning  'Plotly' is not defined                         no-undef
  200:10   warning  'PIDTemperature' is defined but never used      no-unused-vars
  205:5    warning  'Plotly' is not defined                         no-undef
  213:5    warning  'kp' is not defined                             no-undef
  215:5    warning  'ki' is not defined                             no-undef
  217:5    warning  'kd' is not defined                             no-undef
  250:17   warning  'i' is already defined                          no-redeclare
  286:9    warning  'Plotly' is not defined                         no-undef
  297:17   warning  'update' is already defined                     no-redeclare
  303:9    warning  'Plotly' is not defined                         no-undef
  305:13   warning  'element' is already defined                    no-redeclare
  312:44   warning  'kp' is not defined                             no-undef
  312:48   warning  'ki' is not defined                             no-undef
  312:52   warning  'kd' is not defined                             no-undef
  323:13   warning  'element' is already defined                    no-redeclare
  328:13   warning  'xt' is already defined                         no-redeclare
  330:17   warning  'i' is already defined                          no-redeclare
  335:13   warning  'yt' is already defined                         no-redeclare
  337:13   warning  'N' is already defined                          no-redeclare
  338:17   warning  'i' is already defined                          no-redeclare
  343:13   warning  'trace' is already defined                      no-redeclare
  349:13   warning  'trace2' is already defined                     no-redeclare
  360:13   warning  'data' is already defined                       no-redeclare
  363:13   warning  'layout1' is already defined                    no-redeclare
  374:9    warning  'Plotly' is not defined                         no-undef
  378:17   warning  'update' is already defined                     no-redeclare
  385:17   warning  'update' is already defined                     no-redeclare
  391:9    warning  'Plotly' is not defined                         no-undef
  484:13   warning  'o' is already defined                          no-redeclare
  538:10   warning  'ROCQuiz' is defined but never used             no-unused-vars
  546:11   warning  'form' is assigned a value but never used       no-unused-vars
  567:9    warning  'p1' is not defined                             no-undef
  568:9    warning  'p2' is not defined                             no-undef
  570:12   warning  'p1' is not defined                             no-undef
  570:15   warning  'p2' is not defined                             no-undef
  572:21   warning  'p1' is not defined                             no-undef
  573:13   warning  'p1' is not defined                             no-undef
  573:18   warning  'p2' is not defined                             no-undef
  574:13   warning  'p2' is not defined                             no-undef
  577:21   warning  'p1' is not defined                             no-undef
  577:49   warning  'p2' is not defined                             no-undef
  591:17   warning  'element' is already defined                    no-redeclare
  598:17   warning  'element' is already defined                    no-redeclare
  605:17   warning  'element' is already defined                    no-redeclare
  613:13   warning  'element' is already defined                    no-redeclare
  622:10   warning  'PIDTemperatureQuiz' is defined but never used  no-unused-vars
  627:5    warning  'Plotly' is not defined                         no-undef
  634:5    warning  'kp' is not defined                             no-undef
  636:5    warning  'ki' is not defined                             no-undef
  638:5    warning  'kd' is not defined                             no-undef
  672:17   warning  'i' is already defined                          no-redeclare
  708:9    warning  'Plotly' is not defined                         no-undef
  719:17   warning  'update' is already defined                     no-redeclare
  725:9    warning  'Plotly' is not defined                         no-undef
  727:13   warning  'element' is already defined                    no-redeclare
  734:44   warning  'kp' is not defined                             no-undef
  734:48   warning  'ki' is not defined                             no-undef
  734:52   warning  'kd' is not defined                             no-undef
  745:13   warning  'element' is already defined                    no-redeclare
  750:13   warning  'xt' is already defined                         no-redeclare
  752:17   warning  'i' is already defined                          no-redeclare
  757:13   warning  'yt' is already defined                         no-redeclare
  759:13   warning  'N' is already defined                          no-redeclare
  760:17   warning  'i' is already defined                          no-redeclare
  765:13   warning  'trace' is already defined                      no-redeclare
  771:13   warning  'trace2' is already defined                     no-redeclare
  782:13   warning  'data' is already defined                       no-redeclare
  785:13   warning  'layout1' is already defined                    no-redeclare
  796:9    warning  'Plotly' is not defined                         no-undef
  800:17   warning  'update' is already defined                     no-redeclare
  807:17   warning  'update' is already defined                     no-redeclare
  813:9    warning  'Plotly' is not defined                         no-undef

✖ 149 problems (0 errors, 149 warnings)

